[16Dec2024 00:00:32.913] [Server thread/INFO] [net.minecraft.server.network.ServerGamePacketListenerImpl/]: R3hsk lost connection: Disconnected
[16Dec2024 00:00:32.916] [Server thread/INFO] [net.minecraft.server.MinecraftServer/]: R3hsk left the game
[16Dec2024 00:00:33.949] [Server thread/INFO] [net.minecraft.server.MinecraftServer/]: percentyack was slain by Assimilated Enderman
[16Dec2024 00:00:41.512] [Server thread/INFO] [net.minecraft.world.entity.LivingEntity/]: Named entity InfectedPlayer['cheesepuff'/21442, l='ServerLevel[world]', x=41.01, y=-10.08, z=-15.32] died: cheesepuff was slain by Assimilated Human
[16Dec2024 00:00:54.989] [Server thread/INFO] [net.minecraftforge.common.AdvancementLoadFix/]: Using new advancement loading for net.minecraft.server.PlayerAdvancements@25876e02
[16Dec2024 00:00:54.998] [Server thread/INFO] [net.minecraft.server.players.PlayerList/]: R3hsk[/127.250.204.19:60531] logged in with entity id 22177 at (41.69999998807907, 12.0, 55.30000001192093)
[16Dec2024 00:00:55.005] [Server thread/INFO] [net.minecraft.server.MinecraftServer/]: R3hsk joined the game
[16Dec2024 00:01:03.068] [Server thread/INFO] [net.minecraft.server.network.ServerGamePacketListenerImpl/]: percentyack lost connection: Disconnected
[16Dec2024 00:01:03.068] [Server thread/INFO] [net.minecraft.server.MinecraftServer/]: percentyack left the game
[16Dec2024 00:01:05.217] [Server thread/INFO] [net.minecraft.server.network.ServerGamePacketListenerImpl/]: R3hsk lost connection: Disconnected
[16Dec2024 00:01:05.217] [Server thread/INFO] [net.minecraft.server.MinecraftServer/]: R3hsk left the game
[16Dec2024 00:01:15.471] [Server thread/INFO] [net.minecraftforge.common.AdvancementLoadFix/]: Using new advancement loading for net.minecraft.server.PlayerAdvancements@4822f3c8
[16Dec2024 00:01:15.478] [Server thread/INFO] [net.minecraft.server.players.PlayerList/]: percentyack[/127.223.72.173:34075] logged in with entity id 22284 at (42.30000001192093, 41.0, 55.68554839617133)
[16Dec2024 00:01:15.482] [Server thread/INFO] [net.minecraft.server.MinecraftServer/]: percentyack joined the game
[16Dec2024 00:01:19.909] [Server thread/INFO] [net.minecraft.server.MinecraftServer/]: percentyack was slain by Assimilated Enderman
[16Dec2024 00:01:23.720] [Server thread/INFO] [net.minecraft.server.MinecraftServer/]: Set percentyack's game mode to Creative Mode
[16Dec2024 00:01:53.480] [Server thread/INFO] [net.minecraftforge.common.AdvancementLoadFix/]: Using new advancement loading for net.minecraft.server.PlayerAdvancements@20adc989
[16Dec2024 00:01:53.488] [Server thread/INFO] [net.minecraft.server.players.PlayerList/]: R3hsk[/127.250.204.19:47137] logged in with entity id 22669 at (41.30000001192093, 12.0, 55.30000001192093)
[16Dec2024 00:01:53.491] [Server thread/INFO] [net.minecraft.server.MinecraftServer/]: R3hsk joined the game
[16Dec2024 00:02:09.421] [Server thread/INFO] [net.minecraft.server.MinecraftServer/]: Made R3hsk a server operator
